<?xml version="1.0" encoding="UTF-8"?>
<testng-results ignored="0" total="1" passed="1" failed="0" skipped="0">
  <reporter-output>
  </reporter-output>
  <suite started-at="2023-02-09T11:36:09 IST" name="Default suite" finished-at="2023-02-09T11:36:19 IST" duration-ms="10062">
    <groups>
    </groups>
    <test started-at="2023-02-09T11:36:09 IST" name="Default test" finished-at="2023-02-09T11:36:19 IST" duration-ms="10062">
      <class name="testScripts.FirstTest">
        <test-method is-config="true" signature="classSetup()[pri:0, instance:testScripts.FirstTest@2ea41516]" started-at="2023-02-09T11:36:09 IST" name="classSetup" finished-at="2023-02-09T11:36:13 IST" duration-ms="4147" status="PASS">
          <reporter-output>
          </reporter-output>
        </test-method> <!-- classSetup -->
        <test-method is-config="true" signature="methodSetup()[pri:0, instance:testScripts.FirstTest@2ea41516]" started-at="2023-02-09T11:36:13 IST" name="methodSetup" finished-at="2023-02-09T11:36:14 IST" duration-ms="1004" status="PASS">
          <reporter-output>
          </reporter-output>
        </test-method> <!-- methodSetup -->
        <test-method signature="firstTest()[pri:0, instance:testScripts.FirstTest@2ea41516]" started-at="2023-02-09T11:36:14 IST" name="firstTest" finished-at="2023-02-09T11:36:19 IST" duration-ms="4653" status="PASS">
          <reporter-output>
          </reporter-output>
        </test-method> <!-- firstTest -->
        <test-method is-config="true" signature="methodTearDown()[pri:0, instance:testScripts.FirstTest@2ea41516]" started-at="2023-02-09T11:36:19 IST" name="methodTearDown" finished-at="2023-02-09T11:36:19 IST" duration-ms="0" status="PASS">
          <reporter-output>
          </reporter-output>
        </test-method> <!-- methodTearDown -->
        <test-method is-config="true" signature="classTearDown()[pri:0, instance:testScripts.FirstTest@2ea41516]" started-at="2023-02-09T11:36:19 IST" name="classTearDown" finished-at="2023-02-09T11:36:19 IST" duration-ms="219" status="PASS">
          <reporter-output>
          </reporter-output>
        </test-method> <!-- classTearDown -->
      </class> <!-- testScripts.FirstTest -->
    </test> <!-- Default test -->
  </suite> <!-- Default suite -->
</testng-results>
